{
  "RSpec": {
    "coverage": {
      "/Users/jadefeng/Projects/I. Advanced/fruitstore_app/spec/models/fruit_spec.rb": [
        null,
        null,
        null,
        null,
        null,
        null,
        null,
        null,
        null,
        null,
        null,
        1,
        null,
        1,
        null,
        2,
        null,
        null,
        null,
        1,
        1,
        2,
        null,
        null,
        1,
        1,
        null,
        null,
        null,
        1,
        1,
        1,
        1,
        1,
        null,
        null,
        null,
        1,
        1,
        2,
        null,
        null,
        1,
        1,
        null,
        null,
        1,
        1,
        1,
        1,
        1,
        null,
        null,
        null,
        null
      ],
      "/Users/jadefeng/Projects/I. Advanced/fruitstore_app/spec/rails_helper.rb": [
        null,
        1,
        1,
        1,
        1,
        1,
        null,
        null,
        null,
        null,
        null,
        null,
        null,
        null,
        null,
        null,
        null,
        null,
        null,
        null,
        null,
        null,
        null,
        null,
        null,
        1,
        null,
        1,
        null,
        1,
        null,
        null,
        null,
        null,
        1,
        null,
        null,
        null,
        null,
        null,
        null,
        null,
        null,
        null,
        null,
        null,
        null,
        null,
        null,
        1,
        null
      ],
      "/Users/jadefeng/Projects/I. Advanced/fruitstore_app/config/environment.rb": [
        null,
        1,
        null,
        null,
        1
      ],
      "/Users/jadefeng/Projects/I. Advanced/fruitstore_app/config/application.rb": [
        1,
        null,
        null,
        1,
        1,
        1,
        1,
        1,
        1,
        null,
        null,
        null,
        null,
        1,
        null,
        1,
        1,
        null,
        null,
        null,
        null,
        null,
        null,
        null,
        null,
        null,
        null,
        null,
        null,
        null
      ],
      "/Users/jadefeng/Projects/I. Advanced/fruitstore_app/config/boot.rb": [
        null,
        1,
        null,
        1
      ],
      "/Users/jadefeng/Projects/I. Advanced/fruitstore_app/config/environments/test.rb": [
        1,
        null,
        null,
        null,
        null,
        null,
        null,
        1,
        null,
        null,
        null,
        null,
        1,
        null,
        null,
        1,
        1,
        null,
        null,
        1,
        1,
        null,
        null,
        1,
        null,
        null,
        1,
        null,
        null,
        null,
        null,
        1,
        null,
        null,
        1,
        null,
        null,
        null,
        null
      ],
      "/Users/jadefeng/Projects/I. Advanced/fruitstore_app/config/initializers/assets.rb": [
        null,
        null,
        null,
        1,
        null,
        null,
        null,
        null
      ],
      "/Users/jadefeng/Projects/I. Advanced/fruitstore_app/config/initializers/backtrace_silencers.rb": [
        null,
        null,
        null,
        null,
        null,
        null,
        null
      ],
      "/Users/jadefeng/Projects/I. Advanced/fruitstore_app/config/initializers/cookies_serializer.rb": [
        null,
        null,
        1
      ],
      "/Users/jadefeng/Projects/I. Advanced/fruitstore_app/config/initializers/filter_parameter_logging.rb": [
        null,
        null,
        null,
        1
      ],
      "/Users/jadefeng/Projects/I. Advanced/fruitstore_app/config/initializers/inflections.rb": [
        null,
        null,
        null,
        null,
        null,
        null,
        null,
        null,
        null,
        null,
        null,
        null,
        null,
        null,
        null,
        null
      ],
      "/Users/jadefeng/Projects/I. Advanced/fruitstore_app/config/initializers/mime_types.rb": [
        null,
        null,
        null,
        null
      ],
      "/Users/jadefeng/Projects/I. Advanced/fruitstore_app/config/initializers/session_store.rb": [
        null,
        null,
        1
      ],
      "/Users/jadefeng/Projects/I. Advanced/fruitstore_app/config/initializers/wrap_parameters.rb": [
        null,
        null,
        null,
        null,
        null,
        null,
        1,
        1,
        null,
        null,
        null,
        null,
        null,
        null
      ],
      "/Users/jadefeng/Projects/I. Advanced/fruitstore_app/config/routes.rb": [
        1,
        null,
        null,
        null,
        null,
        null,
        null,
        null,
        null,
        null,
        null,
        null,
        null,
        null,
        null,
        null,
        null,
        null,
        null,
        null,
        null,
        null,
        null,
        null,
        null,
        null,
        null,
        null,
        null,
        null,
        null,
        null,
        null,
        null,
        null,
        null,
        null,
        null,
        null,
        null,
        null,
        null,
        null,
        null,
        null,
        null,
        null,
        null,
        null,
        null,
        null,
        null,
        null,
        null,
        null,
        null
      ],
      "/Users/jadefeng/Projects/I. Advanced/fruitstore_app/app/helpers/application_helper.rb": [
        1,
        null
      ],
      "/Users/jadefeng/Projects/I. Advanced/fruitstore_app/app/models/fruit.rb": [
        null,
        null,
        null,
        null,
        null,
        null,
        null,
        null,
        null,
        null,
        null,
        1,
        1,
        null,
        null
      ],
      "/Users/jadefeng/Projects/I. Advanced/fruitstore_app/spec/models/shelf_spec.rb": [
        null,
        null,
        null,
        null,
        null,
        null,
        null,
        null,
        null,
        1,
        null,
        1,
        null,
        2,
        null,
        null,
        null
      ],
      "/Users/jadefeng/Projects/I. Advanced/fruitstore_app/app/models/shelf.rb": [
        null,
        null,
        null,
        null,
        null,
        null,
        null,
        null,
        null,
        1,
        1,
        null
      ],
      "/Users/jadefeng/Projects/I. Advanced/fruitstore_app/app/models/apple.rb": [
        null,
        null,
        null,
        null,
        null,
        null,
        null,
        null,
        null,
        null,
        null,
        1,
        1,
        1,
        null,
        null,
        null
      ],
      "/Users/jadefeng/Projects/I. Advanced/fruitstore_app/app/models/pear.rb": [
        null,
        null,
        null,
        null,
        null,
        null,
        null,
        null,
        null,
        null,
        null,
        1,
        1,
        1,
        null,
        null,
        null
      ]
    },
    "timestamp": 1415849176
  }
}
